<?xml version="1.0" encoding="UTF-8"?>
<!-- Generated by org.testng.reporters.JUnitXMLReporter -->
<testsuite hostname="pop-os" ignored="0" name="Default test" tests="3" failures="0" timestamp="14 Jun 2019 18:50:46 GMT" time="0.103" errors="0">
  <testcase name="aTestMethod" time="0.018" classname="com.testNG.demo.TestAnnotationTest"/>
  <testcase name="bTestMethod" time="0.006" classname="com.testNG.demo.TestAnnotationTest"/>
  <testcase name="zTestMethod" time="0.007" classname="com.testNG.demo.TestAnnotationTest"/>
</testsuite> <!-- Default test -->
